<?xml version="1.0" encoding="UTF-8"?>
<testng-results ignored="0" total="2" passed="2" failed="0" skipped="0">
  <reporter-output>
  </reporter-output>
  <suite started-at="2022-04-10T17:22:02Z" name="Default suite" finished-at="2022-04-10T17:22:02Z" duration-ms="98">
    <groups>
    </groups>
    <test started-at="2022-04-10T17:22:02Z" name="Default test" finished-at="2022-04-10T17:22:02Z" duration-ms="98">
      <class name="com.jenkinPractice.Demo2">
        <test-method signature="g1()[pri:0, instance:com.jenkinPractice.Demo2@53fb3dab]" started-at="2022-04-10T17:22:02Z" name="g1" finished-at="2022-04-10T17:22:02Z" duration-ms="18" status="PASS">
          <reporter-output>
          </reporter-output>
        </test-method> <!-- g1 -->
        <test-method signature="g2()[pri:0, instance:com.jenkinPractice.Demo2@53fb3dab]" started-at="2022-04-10T17:22:02Z" name="g2" finished-at="2022-04-10T17:22:02Z" duration-ms="5" status="PASS">
          <reporter-output>
          </reporter-output>
        </test-method> <!-- g2 -->
      </class> <!-- com.jenkinPractice.Demo2 -->
    </test> <!-- Default test -->
  </suite> <!-- Default suite -->
</testng-results>
